<?xml version="1.0" encoding="UTF-8"?>
<!-- Generated by org.testng.reporters.JUnitReportReporter -->
<testsuite hostname="AGL-DEV-98" failures="0" tests="1" name="com.truevalue.hyperlocal.DetailPageBookDrive" time="15.803" errors="0" timestamp="17 May 2019 10:43:18 GMT" skipped="0">
  <testcase classname="com.truevalue.hyperlocal.DetailPageBookDrive" name="Class" time="15.803"/>
</testsuite> <!-- com.truevalue.hyperlocal.DetailPageBookDrive -->
