<?xml version="1.0" encoding="UTF-8"?>
<!-- Generated by org.testng.reporters.JUnitReportReporter -->
<testsuite hostname="DEV-HS-1467-LAP" failures="0" tests="1" name="com.truevalue.hyperlocal.DetailPageBookDrive" time="20.215" errors="0" timestamp="2024-03-12T16:03:15 IST" skipped="0">
  <testcase classname="com.truevalue.hyperlocal.DetailPageBookDrive" name="Class" time="20.215"/>
  <system-out/>
</testsuite> <!-- com.truevalue.hyperlocal.DetailPageBookDrive -->
