<?xml version="1.0" encoding="UTF-8"?>
<!-- Generated by org.testng.reporters.JUnitReportReporter -->
<testsuite hostname="AGL-DEV-98" failures="0" tests="1" name="com.truevalue.hyperlocal.FormValidation" time="15.648" errors="0" timestamp="20 May 2019 09:49:56 GMT" skipped="0">
  <testcase classname="com.truevalue.hyperlocal.FormValidation" name="Class" time="15.648"/>
</testsuite> <!-- com.truevalue.hyperlocal.FormValidation -->
