<?xml version="1.0" encoding="UTF-8"?>
<!-- Generated by org.testng.reporters.JUnitReportReporter -->
<testsuite hostname="DEV-HS-1467-LAP" failures="0" tests="1" name="com.truevalue.hyperlocal.Sell" time="24.404" errors="0" timestamp="2024-03-12T15:18:10 IST" skipped="0">
  <testcase classname="com.truevalue.hyperlocal.Sell" name="Class" time="24.404"/>
  <system-out/>
</testsuite> <!-- com.truevalue.hyperlocal.Sell -->
