<?xml version="1.0" encoding="UTF-8"?>
<!-- Generated by org.testng.reporters.JUnitReportReporter -->
<testsuite hostname="AGL-DEV-98" failures="0" tests="1" name="com.truevalue.hyperlocal.insurance" time="11.932" errors="0" timestamp="20 May 2019 13:20:35 GMT" skipped="0">
  <testcase classname="com.truevalue.hyperlocal.insurance" name="TRV_booklisting" time="11.932"/>
</testsuite> <!-- com.truevalue.hyperlocal.insurance -->
