<?xml version="1.0" encoding="UTF-8"?>
<!-- Generated by org.testng.reporters.JUnitReportReporter -->
<testsuite hostname="DEV-HS-1467-LAP" failures="0" tests="1" name="com.truevalue.hyperlocal.header_links" time="21.287" errors="0" timestamp="2024-03-12T15:35:31 IST" skipped="0">
  <testcase classname="com.truevalue.hyperlocal.header_links" name="Class" time="21.287"/>
  <system-out/>
</testsuite> <!-- com.truevalue.hyperlocal.header_links -->
