<?xml version="1.0" encoding="UTF-8"?>
<!-- Generated by org.testng.reporters.JUnitReportReporter -->
<testsuite hostname="AGL-DEV-98" failures="0" tests="1" name="com.truevalue.hyperlocal.Truevalueofmathuraroad" time="12.148" errors="0" timestamp="21 May 2019 13:04:57 GMT" skipped="0">
  <testcase classname="com.truevalue.hyperlocal.Truevalueofmathuraroad" name="Class" time="12.148"/>
</testsuite> <!-- com.truevalue.hyperlocal.Truevalueofmathuraroad -->
