<?xml version="1.0" encoding="UTF-8"?>
<!-- Generated by org.testng.reporters.JUnitReportReporter -->
<testsuite hostname="AGL-DEV-98" failures="0" tests="1" name="com.trv.qa.MenuHover" time="48.024" errors="0" timestamp="18 Dec 2019 08:50:18 GMT" skipped="0">
  <testcase classname="com.trv.qa.MenuHover" name="CarDetailPage" time="48.024"/>
</testsuite> <!-- com.trv.qa.MenuHover -->
