<?xml version="1.0" encoding="UTF-8"?>
<!-- Generated by org.testng.reporters.JUnitReportReporter -->
<testsuite hostname="AGL-DEV-98" failures="0" tests="1" name="com.trv.qa.Buypage_filter" time="37.691" errors="0" timestamp="18 Dec 2019 06:30:53 GMT" skipped="0">
  <testcase classname="com.trv.qa.Buypage_filter" name="Buypage_filter" time="37.691"/>
</testsuite> <!-- com.trv.qa.Buypage_filter -->
