<?xml version="1.0" encoding="UTF-8"?>
<!-- Generated by org.testng.reporters.JUnitReportReporter -->
<testsuite hostname="AGL-DEV-98" failures="0" tests="1" name="com.trv.qa.ContactUS" time="22.631" errors="0" timestamp="26 Dec 2019 12:46:31 GMT" skipped="0">
  <testcase classname="com.trv.qa.ContactUS" name="ContactUS" time="22.631"/>
</testsuite> <!-- com.trv.qa.ContactUS -->
