<?xml version="1.0" encoding="UTF-8"?>
<!-- Generated by org.testng.reporters.JUnitReportReporter -->
<testsuite hostname="AGL-DEV-98" failures="0" tests="1" name="com.trv.qa.Contact_Dealer" time="28.419" errors="0" timestamp="26 Dec 2019 12:47:20 GMT" skipped="0">
  <testcase classname="com.trv.qa.Contact_Dealer" name="Buypage_Contact" time="28.419"/>
</testsuite> <!-- com.trv.qa.Contact_Dealer -->
