<?xml version="1.0" encoding="UTF-8"?>
<!-- Generated by org.testng.reporters.JUnitReportReporter -->
<testsuite hostname="AGL-DEV-98" failures="0" tests="1" name="com.trv.qa.CarDetailPage" time="40.148" errors="0" timestamp="26 Dec 2019 06:54:07 GMT" skipped="0">
  <testcase classname="com.trv.qa.CarDetailPage" name="CarDetail" time="40.148"/>
</testsuite> <!-- com.trv.qa.CarDetailPage -->
