<?xml version="1.0" encoding="UTF-8"?>
<!-- Generated by org.testng.reporters.JUnitReportReporter -->
<testsuite hostname="AGL-DEV-98" failures="0" tests="1" name="com.trv.qa.buypage" time="56.035" errors="0" timestamp="02 Jan 2020 06:27:33 GMT" skipped="0">
  <testcase classname="com.trv.qa.buypage" name="Buypage" time="56.035"/>
</testsuite> <!-- com.trv.qa.buypage -->
