<?xml version="1.0" encoding="UTF-8"?>
<!-- Generated by org.testng.reporters.JUnitReportReporter -->
<testsuite hostname="AGL-DEV-98" failures="0" tests="1" name="com.trv.qa.Sellpage" time="81.857" errors="0" timestamp="02 Jan 2020 06:30:04 GMT" skipped="0">
  <testcase classname="com.trv.qa.Sellpage" name="Sellpage" time="81.857"/>
</testsuite> <!-- com.trv.qa.Sellpage -->
