<?xml version="1.0" encoding="UTF-8"?>
<!-- Generated by org.testng.reporters.JUnitReportReporter -->
<testsuite hostname="AGL-DEV-98" failures="0" tests="1" name="com.trv.qa.Feedback" time="29.230" errors="0" timestamp="26 Dec 2019 12:45:03 GMT" skipped="0">
  <testcase classname="com.trv.qa.Feedback" name="ContactUS" time="29.230"/>
</testsuite> <!-- com.trv.qa.Feedback -->
