<?xml version="1.0" encoding="UTF-8"?>
<!-- Generated by org.testng.reporters.JUnitReportReporter -->
<testsuite hostname="AGL-DEV-98" failures="0" tests="1" name="com.truevalue.live.TrueValueLive" time="1.147" errors="0" timestamp="17 May 2019 10:21:25 GMT" skipped="0">
  <testcase classname="com.truevalue.live.TrueValueLive" name="TrueValueLive1" time="1.147"/>
</testsuite> <!-- com.truevalue.live.TrueValueLive -->
