<?xml version="1.0" encoding="UTF-8"?>
<!-- Generated by org.testng.reporters.JUnitReportReporter -->
<testsuite hostname="AGL-DEV-98" failures="0" tests="1" name="com.truevalue.live.SellPage" time="25.462" errors="0" timestamp="17 May 2019 10:14:17 GMT" skipped="0">
  <testcase classname="com.truevalue.live.SellPage" name="TRV_SellPage" time="25.462"/>
</testsuite> <!-- com.truevalue.live.SellPage -->
