<?xml version="1.0" encoding="UTF-8"?>
<!-- Generated by org.testng.reporters.JUnitReportReporter -->
<testsuite hostname="AGL-DEV-98" failures="0" tests="2" name="com.truevalue.live.BooktestDrive" time="3.014" errors="0" timestamp="09 Jul 2019 10:26:54 GMT" skipped="0">
  <testcase classname="com.truevalue.live.BooktestDrive" name="Booktestdrive" time="1.911"/>
  <testcase classname="com.truevalue.live.BooktestDrive" name="Booktestdrive1" time="1.103"/>
</testsuite> <!-- com.truevalue.live.BooktestDrive -->
