<?xml version="1.0" encoding="UTF-8"?>
<!-- Generated by org.testng.reporters.JUnitReportReporter -->
<testsuite hostname="AGL-DEV-98" failures="0" tests="1" name="com.cse.qa.IT_Service_Inner_Page" time="30.999" errors="0" timestamp="22 Oct 2019 09:07:56 GMT" skipped="0">
  <testcase classname="com.cse.qa.IT_Service_Inner_Page" name="ITService_innerpage" time="30.999"/>
</testsuite> <!-- com.cse.qa.IT_Service_Inner_Page -->
