<?xml version="1.0" encoding="UTF-8"?>
<!-- Generated by org.testng.reporters.JUnitReportReporter -->
<testsuite hostname="AGL-DEV-98" failures="0" tests="1" name="com.cse.qa.Desaster_Recovery" time="84.923" errors="0" timestamp="25 Oct 2019 09:31:07 GMT" skipped="0">
  <testcase classname="com.cse.qa.Desaster_Recovery" name="Desaster" time="84.923"/>
</testsuite> <!-- com.cse.qa.Desaster_Recovery -->
