<?xml version="1.0" encoding="UTF-8"?>
<!-- Generated by org.testng.reporters.JUnitReportReporter -->
<testsuite hostname="AGL-DEV-98" failures="0" tests="1" name="com.cse.qa.IT_Service" time="79.902" errors="0" timestamp="22 Oct 2019 11:22:38 GMT" skipped="0">
  <testcase classname="com.cse.qa.IT_Service" name="ITService" time="79.902"/>
</testsuite> <!-- com.cse.qa.IT_Service -->
