<?xml version="1.0" encoding="UTF-8"?>
<!-- Generated by org.testng.reporters.JUnitReportReporter -->
<testsuite hostname="AGL-DEV-98" failures="0" tests="1" name="com.cse.qa.Microsoft_Team" time="38.585" errors="0" timestamp="11 Nov 2019 09:22:35 GMT" skipped="0">
  <testcase classname="com.cse.qa.Microsoft_Team" name="Modern" time="38.585"/>
</testsuite> <!-- com.cse.qa.Microsoft_Team -->
