<?xml version="1.0" encoding="UTF-8"?>
<!-- Generated by org.testng.reporters.JUnitReportReporter -->
<testsuite hostname="AGL-DEV-98" failures="0" tests="1" name="com.cse.qa.Networking_Services" time="45.275" errors="0" timestamp="22 Oct 2019 11:22:37 GMT" skipped="0">
  <testcase classname="com.cse.qa.Networking_Services" name="Network_Service" time="45.275"/>
</testsuite> <!-- com.cse.qa.Networking_Services -->
