<?xml version="1.0" encoding="UTF-8"?>
<!-- Generated by org.testng.reporters.JUnitReportReporter -->
<testsuite hostname="AGL-DEV-98" failures="0" tests="1" name="com.cse.qa.Company" time="23.650" errors="0" timestamp="25 Oct 2019 08:51:59 GMT" skipped="0">
  <testcase classname="com.cse.qa.Company" name="Desaster" time="23.650"/>
</testsuite> <!-- com.cse.qa.Company -->
