<?xml version="1.0" encoding="UTF-8"?>
<!-- Generated by org.testng.reporters.JUnitReportReporter -->
<testsuite hostname="AGL-DEV-98" failures="0" tests="1" name="com.cse.qa.Healthcare_Medical" time="157.877" errors="0" timestamp="25 Oct 2019 09:31:08 GMT" skipped="0">
  <testcase classname="com.cse.qa.Healthcare_Medical" name="Nonprofit_Educations" time="157.877"/>
</testsuite> <!-- com.cse.qa.Healthcare_Medical -->
