<?xml version="1.0" encoding="UTF-8"?>
<!-- Generated by org.testng.reporters.JUnitReportReporter -->
<testsuite hostname="AGL-DEV-98" failures="0" tests="1" name="com.cse.qa.Home_Page" time="16.220" errors="0" timestamp="11 Nov 2019 09:18:16 GMT" skipped="0">
  <testcase classname="com.cse.qa.Home_Page" name="homepage" time="16.220"/>
</testsuite> <!-- com.cse.qa.Home_Page -->
