<?xml version="1.0" encoding="UTF-8"?>
<!-- Generated by org.testng.reporters.JUnitReportReporter -->
<testsuite hostname="AGL-DEV-98" failures="0" tests="1" name="com.cse.qa.Modern_Desktop" time="30.774" errors="0" timestamp="24 Oct 2019 13:16:35 GMT" skipped="0">
  <testcase classname="com.cse.qa.Modern_Desktop" name="Modern" time="30.774"/>
</testsuite> <!-- com.cse.qa.Modern_Desktop -->
