<?xml version="1.0" encoding="UTF-8"?>
<!-- Generated by org.testng.reporters.JUnitReportReporter -->
<testsuite hostname="AGL-DEV-98" failures="0" tests="1" name="com.cse.qa.Company_Partners" time="76.571" errors="0" timestamp="25 Oct 2019 09:31:08 GMT" skipped="0">
  <testcase classname="com.cse.qa.Company_Partners" name="Desaster" time="76.571"/>
</testsuite> <!-- com.cse.qa.Company_Partners -->
