<?xml version="1.0" encoding="UTF-8"?>
<!-- Generated by org.testng.reporters.JUnitReportReporter -->
<testsuite hostname="AGL-DEV-98" failures="0" tests="1" name="com.cse.qa.Cloud_PhoneSystem" time="33.552" errors="0" timestamp="11 Nov 2019 09:19:58 GMT" skipped="0">
  <testcase classname="com.cse.qa.Cloud_PhoneSystem" name="Cloud_Phone" time="33.552"/>
</testsuite> <!-- com.cse.qa.Cloud_PhoneSystem -->
