<?xml version="1.0" encoding="UTF-8"?>
<!-- Generated by org.testng.reporters.JUnitReportReporter -->
<testsuite hostname="AGL-DEV-98" failures="0" tests="1" name="com.cse.qa.Nonprofit_Education" time="118.335" errors="0" timestamp="25 Oct 2019 09:31:08 GMT" skipped="0">
  <testcase classname="com.cse.qa.Nonprofit_Education" name="Nonprofit_Educations" time="118.335"/>
</testsuite> <!-- com.cse.qa.Nonprofit_Education -->
