<?xml version="1.0" encoding="UTF-8"?>
<!-- Generated by org.testng.reporters.JUnitReportReporter -->
<testsuite hostname="AGL-DEV-98" failures="0" tests="1" name="com.cse.qa.Company_Accoleds" time="43.365" errors="0" timestamp="25 Oct 2019 09:31:08 GMT" skipped="0">
  <testcase classname="com.cse.qa.Company_Accoleds" name="Desaster" time="43.365"/>
</testsuite> <!-- com.cse.qa.Company_Accoleds -->
